[debug] [2024-01-16T17:50:46.341Z] ----------------------------------------------------------------------
[debug] [2024-01-16T17:50:46.345Z] Command:       C:\Program Files\nodejs\node.exe C:\Users\hb200\AppData\Roaming\npm\node_modules\firebase-tools\lib\bin\firebase.js init
[debug] [2024-01-16T17:50:46.345Z] CLI Version:   13.0.3
[debug] [2024-01-16T17:50:46.345Z] Platform:      win32
[debug] [2024-01-16T17:50:46.346Z] Node Version:  v20.10.0
[debug] [2024-01-16T17:50:46.346Z] Time:          Tue Jan 16 2024 20:50:46 GMT+0300 (Arabian Standard Time)
[debug] [2024-01-16T17:50:46.346Z] ----------------------------------------------------------------------
[debug] 
[debug] [2024-01-16T17:50:46.351Z] > command requires scopes: ["email","openid","https://www.googleapis.com/auth/cloudplatformprojects.readonly","https://www.googleapis.com/auth/firebase","https://www.googleapis.com/auth/cloud-platform"]
[debug] [2024-01-16T17:50:46.352Z] > authorizing via signed-in user (refatfahadsu2003@gmail.com)
[info] 
     ######## #### ########  ######## ########     ###     ######  ########
     ##        ##  ##     ## ##       ##     ##  ##   ##  ##       ##
     ######    ##  ########  ######   ########  #########  ######  ######
     ##        ##  ##    ##  ##       ##     ## ##     ##       ## ##
     ##       #### ##     ## ######## ########  ##     ##  ######  ########

You're about to initialize a Firebase project in this directory:

  C:\Users\hb200\OneDrive\Desktop\LearnGate

[info] 
=== Project Setup
[info] 
[info] First, let's associate this project directory with a Firebase project.
[info] You can create multiple project aliases by running firebase use --add, 
[info] but for now we'll just set up a default project.
[info] 
[debug] [2024-01-16T17:51:16.036Z] >>> [apiv2][query] GET https://firebase.googleapis.com/v1beta1/projects pageSize=100
[debug] [2024-01-16T17:51:18.660Z] <<< [apiv2][status] GET https://firebase.googleapis.com/v1beta1/projects 200
[debug] [2024-01-16T17:51:18.660Z] <<< [apiv2][body] GET https://firebase.googleapis.com/v1beta1/projects [omitted]
[info] i  Using project learngate-3a9bc (LearnGate) 
[info] 
=== Hosting Setup
[debug] [2024-01-16T17:51:20.324Z] >>> [apiv2][query] GET https://firebase.googleapis.com/v1beta1/projects/learngate-3a9bc [none]
[debug] [2024-01-16T17:51:22.299Z] <<< [apiv2][status] GET https://firebase.googleapis.com/v1beta1/projects/learngate-3a9bc 200
[debug] [2024-01-16T17:51:22.300Z] <<< [apiv2][body] GET https://firebase.googleapis.com/v1beta1/projects/learngate-3a9bc {"projectId":"learngate-3a9bc","projectNumber":"734755392167","displayName":"LearnGate","name":"projects/learngate-3a9bc","resources":{"hostingSite":"learngate-3a9bc","realtimeDatabaseInstance":"learngate-3a9bc-default-rtdb","storageBucket":"learngate-3a9bc.appspot.com","locationId":"europe-west"},"state":"ACTIVE","etag":"1_f528339f-8dee-49e3-ab19-e08008005d7d"}
[info] 
[info] Your public directory is the folder (relative to your project directory) that
[info] will contain Hosting assets to be uploaded with firebase deploy. If you
[info] have a build process for your assets, use your build's output directory.
[info] 
[info] +  Wrote public/404.html 
[debug] [2024-01-16T17:52:02.754Z] >>> [apiv2][query] GET https://www.gstatic.com/firebasejs/releases.json [none]
[debug] [2024-01-16T17:52:03.769Z] <<< [apiv2][status] GET https://www.gstatic.com/firebasejs/releases.json 200
[debug] [2024-01-16T17:52:03.769Z] <<< [apiv2][body] GET https://www.gstatic.com/firebasejs/releases.json {"current":{"version":"10.7.1","browserURL":"https://www.gstatic.com/firebasejs/10.7.1/firebase.js","packageURL":"https://www.gstatic.com/firebasejs/10.7.1/firebase.tgz"},"live":{"version":"10.7","browserURL":"https://www.gstatic.com/firebasejs/live/10.7/firebase.js","packageURL":"https://www.gstatic.com/firebasejs/live/10.7/firebase.tgz"},"components":{"analytics":"https://www.gstatic.com/firebasejs/10.7.1/firebase-analytics.js","app":"https://www.gstatic.com/firebasejs/10.7.1/firebase-app.js","app-check":"https://www.gstatic.com/firebasejs/10.7.1/firebase-app-check.js","auth":"https://www.gstatic.com/firebasejs/10.7.1/firebase-auth.js","auth/cordova":"https://www.gstatic.com/firebasejs/10.7.1/firebase-auth/cordova.js","functions":"https://www.gstatic.com/firebasejs/10.7.1/firebase-functions.js","firestore":"https://www.gstatic.com/firebasejs/10.7.1/firebase-firestore.js","firestore/lite":"https://www.gstatic.com/firebasejs/10.7.1/firebase-firestore/lite.js","installations":"https://www.gstatic.com/firebasejs/10.7.1/firebase-installations.js","storage":"https://www.gstatic.com/firebasejs/10.7.1/firebase-storage.js","performance":"https://www.gstatic.com/firebasejs/10.7.1/firebase-performance.js","remote-config":"https://www.gstatic.com/firebasejs/10.7.1/firebase-remote-config.js","messaging":"https://www.gstatic.com/firebasejs/10.7.1/firebase-messaging.js","messaging/sw":"https://www.gstatic.com/firebasejs/10.7.1/firebase-messaging/sw.js","database":"https://www.gstatic.com/firebasejs/10.7.1/firebase-database.js","firestore.memory":"https://www.gstatic.com/firebasejs/10.7.1/firebase-firestore.memory.js"}}
[info] +  Wrote public/index.html 
[info] 
[info] i  Didn't detect a .git folder. Assuming C:\Users\hb200\OneDrive\Desktop\LearnGate is the project root. 
[info] i  Authorizing with GitHub to upload your service account to a GitHub repository's secrets store. 
[info] 
[info] Visit this URL on this device to log in:
[info] https://github.com/login/oauth/authorize?client_id=89cf50f02ac6aaed3484&state=333453652&redirect_uri=http%3A%2F%2Flocalhost%3A9005&scope=read%3Auser%20repo%20public_repo
[info] 
[info] Waiting for authentication...
